<?xml version="1.0" encoding="UTF-8"?>
<testng-results ignored="0" total="4" passed="4" failed="0" skipped="0">
  <reporter-output>
  </reporter-output>
  <suite started-at="2020-10-23T16:19:51Z" name="TestaClasses" finished-at="2020-10-23T16:19:51Z" duration-ms="29">
    <groups>
    </groups>
    <test started-at="2020-10-23T16:19:51Z" name="Command line test" finished-at="2020-10-23T16:19:51Z" duration-ms="29">
      <class name="TestaClasses">
        <test-method signature="Test_buscarPorId()[pri:0, instance:TestaClasses@1786dec2]" started-at="2020-10-23T16:19:51Z" name="Test_buscarPorId" finished-at="2020-10-23T16:19:51Z" duration-ms="11" status="PASS">
          <reporter-output>
          </reporter-output>
        </test-method> <!-- Test_buscarPorId -->
        <test-method signature="Test_carregaLivros()[pri:0, instance:TestaClasses@1786dec2]" started-at="2020-10-23T16:19:51Z" name="Test_carregaLivros" finished-at="2020-10-23T16:19:51Z" duration-ms="1" status="PASS">
          <reporter-output>
          </reporter-output>
        </test-method> <!-- Test_carregaLivros -->
        <test-method signature="Test_listaLivros()[pri:0, instance:TestaClasses@1786dec2]" started-at="2020-10-23T16:19:51Z" name="Test_listaLivros" finished-at="2020-10-23T16:19:51Z" duration-ms="1" status="PASS">
          <reporter-output>
          </reporter-output>
        </test-method> <!-- Test_listaLivros -->
        <test-method signature="Test_listaOrdenado()[pri:0, instance:TestaClasses@1786dec2]" started-at="2020-10-23T16:19:51Z" name="Test_listaOrdenado" finished-at="2020-10-23T16:19:51Z" duration-ms="1" status="PASS">
          <reporter-output>
          </reporter-output>
        </test-method> <!-- Test_listaOrdenado -->
      </class> <!-- TestaClasses -->
    </test> <!-- Command line test -->
  </suite> <!-- TestaClasses -->
</testng-results>
